<?xml version="1.0" encoding="UTF-8"?>
<testng-results skipped="0" failed="0" ignored="0" total="1" passed="1">
  <reporter-output>
  </reporter-output>
  <suite name="Suite" duration-ms="39" started-at="2021-09-10T13:51:54 IST" finished-at="2021-09-10T13:51:54 IST">
    <groups>
    </groups>
    <test name="Test" duration-ms="39" started-at="2021-09-10T13:51:54 IST" finished-at="2021-09-10T13:51:54 IST">
      <class name="scripts.SeleniumTest">
        <test-method status="PASS" signature="executescript()[pri:0, instance:scripts.SeleniumTest@3159c4b8]" name="executescript" duration-ms="5" started-at="2021-09-10T13:51:54 IST" finished-at="2021-09-10T13:51:54 IST">
          <reporter-output>
          </reporter-output>
        </test-method> <!-- executescript -->
      </class> <!-- scripts.SeleniumTest -->
    </test> <!-- Test -->
  </suite> <!-- Suite -->
</testng-results>
